<?xml version="1.0" encoding="UTF-8"?>
<testng-results ignored="0" total="3" passed="3" failed="0" skipped="0">
  <reporter-output>
  </reporter-output>
  <suite started-at="2023-07-16T20:12:30 IST" name="Suite1" finished-at="2023-07-16T20:13:24 IST" duration-ms="54366">
    <groups>
    </groups>
    <test started-at="2023-07-16T20:12:30 IST" name="firsttest" finished-at="2023-07-16T20:13:24 IST" duration-ms="54366">
      <class name="com.inetbanking.testCases.TC_LoginDDT_002">
        <test-method is-config="true" signature="setup(java.lang.String)[pri:0, instance:com.inetbanking.testCases.TC_LoginDDT_002@6dc17b83]" started-at="2023-07-16T20:12:57 IST" name="setup" finished-at="2023-07-16T20:13:02 IST" duration-ms="5216" status="PASS">
          <params>
            <param index="0">
              <value>
                <![CDATA[chrome]]>
              </value>
            </param>
          </params>
          <reporter-output>
          </reporter-output>
        </test-method> <!-- setup -->
        <test-method signature="loginDDT(java.lang.String,java.lang.String)[pri:0, instance:com.inetbanking.testCases.TC_LoginDDT_002@6dc17b83]" started-at="2023-07-16T20:13:03 IST" name="loginDDT" data-provider="LoginData" finished-at="2023-07-16T20:13:13 IST" duration-ms="9817" status="PASS">
          <params>
            <param index="0">
              <value>
                <![CDATA[mngr515202]]>
              </value>
            </param>
            <param index="1">
              <value>
                <![CDATA[usYrumy]]>
              </value>
            </param>
          </params>
          <reporter-output>
          </reporter-output>
        </test-method> <!-- loginDDT -->
        <test-method signature="loginDDT(java.lang.String,java.lang.String)[pri:0, instance:com.inetbanking.testCases.TC_LoginDDT_002@6dc17b83]" started-at="2023-07-16T20:13:13 IST" name="loginDDT" data-provider="LoginData" finished-at="2023-07-16T20:13:24 IST" duration-ms="10455" status="PASS">
          <params>
            <param index="0">
              <value>
                <![CDATA[mngr515202]]>
              </value>
            </param>
            <param index="1">
              <value>
                <![CDATA[usYrumy]]>
              </value>
            </param>
          </params>
          <reporter-output>
          </reporter-output>
        </test-method> <!-- loginDDT -->
        <test-method is-config="true" signature="tearDown()[pri:0, instance:com.inetbanking.testCases.TC_LoginDDT_002@6dc17b83]" started-at="2023-07-16T20:13:24 IST" name="tearDown" finished-at="2023-07-16T20:13:24 IST" duration-ms="297" status="PASS">
          <reporter-output>
          </reporter-output>
        </test-method> <!-- tearDown -->
      </class> <!-- com.inetbanking.testCases.TC_LoginDDT_002 -->
      <class name="com.inetbanking.testCases.TC_LoginTest_001">
        <test-method is-config="true" signature="setup(java.lang.String)[pri:0, instance:com.inetbanking.testCases.TC_LoginTest_001@42e99e4a]" started-at="2023-07-16T20:12:30 IST" name="setup" finished-at="2023-07-16T20:12:52 IST" duration-ms="22366" status="PASS">
          <params>
            <param index="0">
              <value>
                <![CDATA[chrome]]>
              </value>
            </param>
          </params>
          <reporter-output>
          </reporter-output>
        </test-method> <!-- setup -->
        <test-method signature="loginTest()[pri:0, instance:com.inetbanking.testCases.TC_LoginTest_001@42e99e4a]" started-at="2023-07-16T20:12:52 IST" name="loginTest" finished-at="2023-07-16T20:12:57 IST" duration-ms="5016" status="PASS">
          <reporter-output>
          </reporter-output>
        </test-method> <!-- loginTest -->
        <test-method is-config="true" signature="tearDown()[pri:0, instance:com.inetbanking.testCases.TC_LoginTest_001@42e99e4a]" started-at="2023-07-16T20:12:57 IST" name="tearDown" finished-at="2023-07-16T20:12:57 IST" duration-ms="181" status="PASS">
          <reporter-output>
          </reporter-output>
        </test-method> <!-- tearDown -->
      </class> <!-- com.inetbanking.testCases.TC_LoginTest_001 -->
    </test> <!-- firsttest -->
  </suite> <!-- Suite1 -->
</testng-results>
