<?xml version="1.0" encoding="UTF-8"?>
<testng-results ignored="0" total="4" passed="4" failed="0" skipped="0">
  <reporter-output>
  </reporter-output>
  <suite started-at="2023-05-24T00:45:43 IST" name="Suite1" finished-at="2023-05-24T00:46:33 IST" duration-ms="49609">
    <groups>
    </groups>
    <test started-at="2023-05-24T00:45:43 IST" name="firsttest" finished-at="2023-05-24T00:46:33 IST" duration-ms="49609">
      <class name="com.inetbanking.testCases.TC_LoginDDT_002">
        <test-method is-config="true" signature="setup(java.lang.String)[pri:0, instance:com.inetbanking.testCases.TC_LoginDDT_002@158da8e]" started-at="2023-05-24T00:45:55 IST" name="setup" finished-at="2023-05-24T00:46:02 IST" duration-ms="7327" status="PASS">
          <params>
            <param index="0">
              <value>
                <![CDATA[chrome]]>
              </value>
            </param>
          </params>
          <reporter-output>
          </reporter-output>
        </test-method> <!-- setup -->
        <test-method signature="loginDDT(java.lang.String,java.lang.String)[pri:0, instance:com.inetbanking.testCases.TC_LoginDDT_002@158da8e]" started-at="2023-05-24T00:46:03 IST" name="loginDDT" data-provider="LoginData" finished-at="2023-05-24T00:46:13 IST" duration-ms="9798" status="PASS">
          <params>
            <param index="0">
              <value>
                <![CDATA[mngr502803]]>
              </value>
            </param>
            <param index="1">
              <value>
                <![CDATA[EgUgumy]]>
              </value>
            </param>
          </params>
          <reporter-output>
          </reporter-output>
        </test-method> <!-- loginDDT -->
        <test-method signature="loginDDT(java.lang.String,java.lang.String)[pri:0, instance:com.inetbanking.testCases.TC_LoginDDT_002@158da8e]" started-at="2023-05-24T00:46:13 IST" name="loginDDT" data-provider="LoginData" finished-at="2023-05-24T00:46:24 IST" duration-ms="10927" status="PASS">
          <params>
            <param index="0">
              <value>
                <![CDATA[mngr502803]]>
              </value>
            </param>
            <param index="1">
              <value>
                <![CDATA[EgUgumy]]>
              </value>
            </param>
          </params>
          <reporter-output>
          </reporter-output>
        </test-method> <!-- loginDDT -->
        <test-method signature="loginDDT(java.lang.String,java.lang.String)[pri:0, instance:com.inetbanking.testCases.TC_LoginDDT_002@158da8e]" started-at="2023-05-24T00:46:24 IST" name="loginDDT" data-provider="LoginData" finished-at="2023-05-24T00:46:33 IST" duration-ms="8844" status="PASS">
          <params>
            <param index="0">
              <value>
                <![CDATA[mngr502803]]>
              </value>
            </param>
            <param index="1">
              <value>
                <![CDATA[EgUgumy]]>
              </value>
            </param>
          </params>
          <reporter-output>
          </reporter-output>
        </test-method> <!-- loginDDT -->
        <test-method is-config="true" signature="tearDown()[pri:0, instance:com.inetbanking.testCases.TC_LoginDDT_002@158da8e]" started-at="2023-05-24T00:46:33 IST" name="tearDown" finished-at="2023-05-24T00:46:33 IST" duration-ms="317" status="PASS">
          <reporter-output>
          </reporter-output>
        </test-method> <!-- tearDown -->
      </class> <!-- com.inetbanking.testCases.TC_LoginDDT_002 -->
      <class name="com.inetbanking.testCases.TC_LoginTest_001">
        <test-method is-config="true" signature="setup(java.lang.String)[pri:0, instance:com.inetbanking.testCases.TC_LoginTest_001@5fdcaa40]" started-at="2023-05-24T00:45:43 IST" name="setup" finished-at="2023-05-24T00:45:52 IST" duration-ms="9083" status="PASS">
          <params>
            <param index="0">
              <value>
                <![CDATA[chrome]]>
              </value>
            </param>
          </params>
          <reporter-output>
          </reporter-output>
        </test-method> <!-- setup -->
        <test-method signature="loginTest()[pri:0, instance:com.inetbanking.testCases.TC_LoginTest_001@5fdcaa40]" started-at="2023-05-24T00:45:52 IST" name="loginTest" finished-at="2023-05-24T00:45:54 IST" duration-ms="1818" status="PASS">
          <reporter-output>
          </reporter-output>
        </test-method> <!-- loginTest -->
        <test-method is-config="true" signature="tearDown()[pri:0, instance:com.inetbanking.testCases.TC_LoginTest_001@5fdcaa40]" started-at="2023-05-24T00:45:54 IST" name="tearDown" finished-at="2023-05-24T00:45:55 IST" duration-ms="255" status="PASS">
          <reporter-output>
          </reporter-output>
        </test-method> <!-- tearDown -->
      </class> <!-- com.inetbanking.testCases.TC_LoginTest_001 -->
    </test> <!-- firsttest -->
  </suite> <!-- Suite1 -->
</testng-results>
