<?xml version="1.0" encoding="UTF-8"?>
<testng-results ignored="0" total="4" passed="4" failed="0" skipped="0">
  <reporter-output>
  </reporter-output>
  <suite started-at="2023-05-24T19:36:11 IST" name="Suite1" finished-at="2023-05-24T19:36:54 IST" duration-ms="42408">
    <groups>
    </groups>
    <test started-at="2023-05-24T19:36:11 IST" name="firsttest" finished-at="2023-05-24T19:36:54 IST" duration-ms="42408">
      <class name="com.inetbanking.testCases.TC_LoginDDT_002">
        <test-method is-config="true" signature="setup(java.lang.String)[pri:0, instance:com.inetbanking.testCases.TC_LoginDDT_002@443118b0]" started-at="2023-05-24T19:36:21 IST" name="setup" finished-at="2023-05-24T19:36:25 IST" duration-ms="3900" status="PASS">
          <params>
            <param index="0">
              <value>
                <![CDATA[chrome]]>
              </value>
            </param>
          </params>
          <reporter-output>
          </reporter-output>
        </test-method> <!-- setup -->
        <test-method signature="loginDDT(java.lang.String,java.lang.String)[pri:0, instance:com.inetbanking.testCases.TC_LoginDDT_002@443118b0]" started-at="2023-05-24T19:36:26 IST" name="loginDDT" data-provider="LoginData" finished-at="2023-05-24T19:36:35 IST" duration-ms="8599" status="PASS">
          <params>
            <param index="0">
              <value>
                <![CDATA[mngr502803]]>
              </value>
            </param>
            <param index="1">
              <value>
                <![CDATA[EgUgumy]]>
              </value>
            </param>
          </params>
          <reporter-output>
          </reporter-output>
        </test-method> <!-- loginDDT -->
        <test-method signature="loginDDT(java.lang.String,java.lang.String)[pri:0, instance:com.inetbanking.testCases.TC_LoginDDT_002@443118b0]" started-at="2023-05-24T19:36:35 IST" name="loginDDT" data-provider="LoginData" finished-at="2023-05-24T19:36:45 IST" duration-ms="10235" status="PASS">
          <params>
            <param index="0">
              <value>
                <![CDATA[mngr502803]]>
              </value>
            </param>
            <param index="1">
              <value>
                <![CDATA[EgUgumy]]>
              </value>
            </param>
          </params>
          <reporter-output>
          </reporter-output>
        </test-method> <!-- loginDDT -->
        <test-method signature="loginDDT(java.lang.String,java.lang.String)[pri:0, instance:com.inetbanking.testCases.TC_LoginDDT_002@443118b0]" started-at="2023-05-24T19:36:45 IST" name="loginDDT" data-provider="LoginData" finished-at="2023-05-24T19:36:54 IST" duration-ms="8341" status="PASS">
          <params>
            <param index="0">
              <value>
                <![CDATA[mngr502803]]>
              </value>
            </param>
            <param index="1">
              <value>
                <![CDATA[EgUgumy]]>
              </value>
            </param>
          </params>
          <reporter-output>
          </reporter-output>
        </test-method> <!-- loginDDT -->
        <test-method is-config="true" signature="tearDown()[pri:0, instance:com.inetbanking.testCases.TC_LoginDDT_002@443118b0]" started-at="2023-05-24T19:36:54 IST" name="tearDown" finished-at="2023-05-24T19:36:54 IST" duration-ms="246" status="PASS">
          <reporter-output>
          </reporter-output>
        </test-method> <!-- tearDown -->
      </class> <!-- com.inetbanking.testCases.TC_LoginDDT_002 -->
      <class name="com.inetbanking.testCases.TC_LoginTest_001">
        <test-method is-config="true" signature="setup(java.lang.String)[pri:0, instance:com.inetbanking.testCases.TC_LoginTest_001@1bb5a082]" started-at="2023-05-24T19:36:11 IST" name="setup" finished-at="2023-05-24T19:36:18 IST" duration-ms="7017" status="PASS">
          <params>
            <param index="0">
              <value>
                <![CDATA[chrome]]>
              </value>
            </param>
          </params>
          <reporter-output>
          </reporter-output>
        </test-method> <!-- setup -->
        <test-method signature="loginTest()[pri:0, instance:com.inetbanking.testCases.TC_LoginTest_001@1bb5a082]" started-at="2023-05-24T19:36:18 IST" name="loginTest" finished-at="2023-05-24T19:36:21 IST" duration-ms="2553" status="PASS">
          <reporter-output>
          </reporter-output>
        </test-method> <!-- loginTest -->
        <test-method is-config="true" signature="tearDown()[pri:0, instance:com.inetbanking.testCases.TC_LoginTest_001@1bb5a082]" started-at="2023-05-24T19:36:21 IST" name="tearDown" finished-at="2023-05-24T19:36:21 IST" duration-ms="199" status="PASS">
          <reporter-output>
          </reporter-output>
        </test-method> <!-- tearDown -->
      </class> <!-- com.inetbanking.testCases.TC_LoginTest_001 -->
    </test> <!-- firsttest -->
  </suite> <!-- Suite1 -->
</testng-results>
